<?xml version="1.0" encoding="UTF-8"?>
<TestRun id="0c93375d-5686-4c10-8d90-a71b650b4923" name="julierme@VGA-DES 2010-09-23 17:57:42" runUser="D_VGA\julierme" xmlns="http://microsoft.com/schemas/VisualStudio/TeamTest/2010">
  <TestSettings name="Local" id="ea351624-5c13-458c-b8cd-d92029f9404a">
    <Description>These are default test settings for a local test run.</Description>
    <Deployment userDeploymentRoot="C:\Documents and Settings\julierme\meus documentos\visual studio 2010\Projects\GeradorDeCodigo\TestResults" useDefaultDeploymentRoot="false" enabled="false" runDeploymentRoot="julierme_VGA-DES 2010-09-23 17_57_42">
      <DeploymentItem filename="C:\Documents and Settings\julierme\meus documentos\visual studio 2010\Projects\GeradorDeCodigo\GeradorDeCodigo.Dominio\bin\Debug\GeradorDeCodigo.Dominio.dll" />
      <DeploymentItem filename="C:\Arquivos de programas\Gallio\bin\MbUnit.dll" />
      <DeploymentItem filename="C:\Documents and Settings\julierme\meus documentos\visual studio 2010\Projects\GeradorDeCodigo\GeradorDeCodigo.Infra\bin\Debug\GeradorDeCodigo.Infra.dll" />
      <DeploymentItem filename="C:\Arquivos de programas\Gallio\bin\Gallio.dll" />
    </Deployment>
    <Execution>
      <TestTypeSpecific />
      <AgentRule name="Execution Agents">
      </AgentRule>
    </Execution>
  </TestSettings>
  <Times creation="2010-09-23T17:57:42.7500000-03:00" queuing="2010-09-23T17:57:42.7500000-03:00" start="2010-09-23T17:57:42.7812500-03:00" finish="2010-09-23T17:57:43.7343750-03:00" />
  <ResultSummary outcome="Completed">
    <Counters total="1" executed="1" passed="1" error="0" failed="0" timeout="0" aborted="0" inconclusive="0" passedButRunAborted="0" notRunnable="0" notExecuted="0" disconnected="0" warning="0" completed="0" inProgress="0" pending="0" />
  </ResultSummary>
  <TestDefinitions>
    <GallioTestElement name="Retorna_o_tipo_de_dado_Csharp_classe_reverente" storage="C:\Documents and Settings\julierme\meus documentos\visual studio 2010\Projects\GeradorDeCodigo\GeradorDeCodigo.Teste\bin\Debug\GeradorDeCodigo.Teste.dll" id="34643835-6264-6130-3934-653539313033" d3p1:Gallio.TestId="58d4db0a94e59103" d3p1:Gallio.AssemblyName="GeradorDeCodigo.Teste, Version=1.0.0.0, Culture=neutral, PublicKeyToken=null" d3p1:Gallio.NamespaceName="GeradorDeCodigo.Teste.Domino.GeraArquivo" d3p1:Gallio.TypeName="GeradorDeCodigo.Teste.Domino.GeraArquivo.GeraArquivoTeste" d3p1:Gallio.MemberName="Retorna_o_tipo_de_dado_Csharp_classe_reverente" d3p1:Gallio.ParameterName="" d3p1:Gallio.Path="C:\Documents and Settings\julierme\meus documentos\visual studio 2010\Projects\GeradorDeCodigo\GeradorDeCodigo.Teste\Domino\GeraArquivo\GeraArquivoTeste.cs" d3p1:Gallio.Line="190" d3p1:Gallio.Column="0" xmlns:d3p1="http://www.gallio.org/">
      <Execution id="221005fe-8e1f-459d-9c82-61fe7c56a5f9" />
      <Properties>
        <Property>
          <Key>TestKind</Key>
          <Value>Test</Value>
        </Property>
      </Properties>
    </GallioTestElement>
  </TestDefinitions>
  <TestLists>
    <TestList name="Results Not in a List" id="8c84fa94-04c1-424b-9868-57a2d4851a1d" />
    <TestList name="All Loaded Results" id="19431567-8539-422a-85d7-44ee4e166bda" />
  </TestLists>
  <TestEntries>
    <TestEntry testId="34643835-6264-6130-3934-653539313033" executionId="221005fe-8e1f-459d-9c82-61fe7c56a5f9" testListId="8c84fa94-04c1-424b-9868-57a2d4851a1d" />
  </TestEntries>
  <Results>
    <GallioTestResult executionId="221005fe-8e1f-459d-9c82-61fe7c56a5f9" testId="34643835-6264-6130-3934-653539313033" testName="Retorna_o_tipo_de_dado_Csharp_classe_reverente" computerName="VGA-DES" duration="00:00:00.0530000" startTime="2010-09-23T17:57:43.3281250-03:00" endTime="2010-09-23T17:57:43.3750000-03:00" testType="f3589083-259c-4054-87f7-75cdad4b08e5" outcome="Passed" testListId="8c84fa94-04c1-424b-9868-57a2d4851a1d" relativeResultsDirectory="221005fe-8e1f-459d-9c82-61fe7c56a5f9">
    </GallioTestResult>
  </Results>
</TestRun>